<?xml version="1.0" encoding="UTF-8"?>
<testng-results ignored="0" total="1" passed="1" failed="0" skipped="0">
  <reporter-output>
  </reporter-output>
  <suite started-at="2023-11-15T05:35:26 EET" name="Default suite" finished-at="2023-11-15T05:35:42 EET" duration-ms="16448">
    <groups>
    </groups>
    <test started-at="2023-11-15T05:35:26 EET" name="Default test" finished-at="2023-11-15T05:35:42 EET" duration-ms="16448">
      <class name="poem_advanced.MyAppiumClass">
        <test-method is-config="true" signature="Mysetup()[pri:0, instance:poem_advanced.MyAppiumClass@dd8ba08]" started-at="2023-11-15T05:35:26 EET" name="Mysetup" finished-at="2023-11-15T05:35:26 EET" duration-ms="11" status="PASS">
          <reporter-output>
          </reporter-output>
        </test-method> <!-- Mysetup -->
        <test-method signature="TestCalclulatorApp()[pri:0, instance:poem_advanced.MyAppiumClass@dd8ba08]" started-at="2023-11-15T05:35:26 EET" name="TestCalclulatorApp" finished-at="2023-11-15T05:35:42 EET" duration-ms="16403" status="PASS">
          <reporter-output>
          </reporter-output>
        </test-method> <!-- TestCalclulatorApp -->
        <test-method is-config="true" signature="PostTesting()[pri:0, instance:poem_advanced.MyAppiumClass@dd8ba08]" started-at="2023-11-15T05:35:42 EET" name="PostTesting" finished-at="2023-11-15T05:35:42 EET" duration-ms="1" status="PASS">
          <reporter-output>
          </reporter-output>
        </test-method> <!-- PostTesting -->
      </class> <!-- poem_advanced.MyAppiumClass -->
    </test> <!-- Default test -->
  </suite> <!-- Default suite -->
</testng-results>
